unityLibrary/build/intermediates/manifest_merge_blame_file/debug/manifest-merger-blame-debug-report.txt
1<?xml version="1.0" encoding="utf-8"?>
2<!-- GENERATED BY UNITY. REMOVE THIS COMMENT TO PREVENT OVERWRITING WHEN EXPORTING AGAIN -->
3<manifest xmlns:android="http://schemas.android.com/apk/res/android"
4    xmlns:tools="http://schemas.android.com/tools"
5    package="com.unity3d.player"
6    android:versionCode="1"
7    android:versionName="0.1" >
8
9    <uses-sdk
10        android:minSdkVersion="26"
10-->src\main\AndroidManifest.xml
11        android:targetSdkVersion="28" />
11-->src\main\AndroidManifest.xml
12
13    <uses-feature android:glEsVersion="0x00030000" />
13-->src\main\AndroidManifest.xml:14:3-52
13-->src\main\AndroidManifest.xml:14:17-49
14
15    <supports-gl-texture android:name="GL_OES_compressed_ETC1_RGB8_texture" />
15-->src\main\AndroidManifest.xml:15:3-77
15-->src\main\AndroidManifest.xml:15:24-74
16
17    <uses-permission android:name="android.permission.INTERNET" />
17-->src\main\AndroidManifest.xml:16:3-65
17-->src\main\AndroidManifest.xml:16:20-62
18
19    <uses-feature
19-->src\main\AndroidManifest.xml:17:3-88
20        android:name="android.hardware.touchscreen"
20-->src\main\AndroidManifest.xml:17:17-60
21        android:required="false" />
21-->src\main\AndroidManifest.xml:17:61-85
22    <uses-feature
22-->src\main\AndroidManifest.xml:18:3-99
23        android:name="android.hardware.touchscreen.multitouch"
23-->src\main\AndroidManifest.xml:18:17-71
24        android:required="false" />
24-->src\main\AndroidManifest.xml:18:72-96
25    <uses-feature
25-->src\main\AndroidManifest.xml:19:3-108
26        android:name="android.hardware.touchscreen.multitouch.distinct"
26-->src\main\AndroidManifest.xml:19:17-80
27        android:required="false" />
27-->src\main\AndroidManifest.xml:19:81-105
28
29    <uses-permission android:name="android.permission.CAMERA" />
29-->src\main\AndroidManifest.xml:20:3-63
29-->src\main\AndroidManifest.xml:20:20-60
30
31    <uses-feature
31-->src\main\AndroidManifest.xml:21:3-85
32        android:name="android.hardware.camera.ar"
32-->src\main\AndroidManifest.xml:21:17-58
33        android:required="true" />
33-->src\main\AndroidManifest.xml:21:59-82
34
35    <application>
35-->src\main\AndroidManifest.xml:4:3-13:17
36        <activity
36-->src\main\AndroidManifest.xml:5:5-7:16
37            android:name="com.unity3d.player.UnityPlayerActivity"
37-->src\main\AndroidManifest.xml:5:15-68
38            android:configChanges="mcc|mnc|locale|touchscreen|keyboard|keyboardHidden|navigation|orientation|screenLayout|uiMode|screenSize|smallestScreenSize|fontScale|layoutDirection|density"
38-->src\main\AndroidManifest.xml:5:182-363
39            android:hardwareAccelerated="false"
39-->src\main\AndroidManifest.xml:5:364-399
40            android:launchMode="singleTask"
40-->src\main\AndroidManifest.xml:5:150-181
41            android:screenOrientation="fullSensor"
41-->src\main\AndroidManifest.xml:5:111-149
42            android:theme="@style/UnityThemeSelector" >
42-->src\main\AndroidManifest.xml:5:69-110
43            <meta-data
43-->src\main\AndroidManifest.xml:6:7-82
44                android:name="unityplayer.UnityActivity"
44-->src\main\AndroidManifest.xml:6:18-58
45                android:value="true" />
45-->src\main\AndroidManifest.xml:6:59-79
46        </activity>
47
48        <meta-data
48-->src\main\AndroidManifest.xml:8:5-69
49            android:name="unity.splash-mode"
49-->src\main\AndroidManifest.xml:8:16-48
50            android:value="0" />
50-->src\main\AndroidManifest.xml:8:49-66
51        <meta-data
51-->src\main\AndroidManifest.xml:9:5-74
52            android:name="unity.splash-enable"
52-->src\main\AndroidManifest.xml:9:16-50
53            android:value="True" />
53-->src\main\AndroidManifest.xml:9:51-71
54        <meta-data
54-->src\main\AndroidManifest.xml:10:5-101
55            android:name="unity.build-id"
55-->src\main\AndroidManifest.xml:10:16-45
56            android:value="5bacdc59-05d1-4387-b1f3-cf72e4bae6a2" />
56-->src\main\AndroidManifest.xml:10:46-98
57        <meta-data
57-->src\main\AndroidManifest.xml:11:5-88
58            android:name="unityplayer.SkipPermissionsDialog"
58-->src\main\AndroidManifest.xml:11:16-64
59            android:value="true" />
59-->src\main\AndroidManifest.xml:11:65-85
60        <meta-data
60-->src\main\AndroidManifest.xml:12:5-77
61            android:name="com.google.ar.core"
61-->src\main\AndroidManifest.xml:12:16-49
62            android:value="required" />
62-->src\main\AndroidManifest.xml:12:50-74
63    </application>
64
65</manifest>